d:\githubcode\c_code\学习代码\9_17\9_17\debug\vc142.pdb
d:\githubcode\c_code\学习代码\9_17\9_17\debug\vc142.idb
d:\githubcode\c_code\学习代码\9_17\9_17\debug\test.obj
d:\githubcode\c_code\学习代码\9_17\9_17\debug\contact.obj
d:\githubcode\c_code\学习代码\9_17\debug\9_17.pdb
d:\githubcode\c_code\学习代码\9_17\9_17\debug\9_17.tlog\cl.command.1.tlog
d:\githubcode\c_code\学习代码\9_17\9_17\debug\9_17.tlog\cl.read.1.tlog
d:\githubcode\c_code\学习代码\9_17\9_17\debug\9_17.tlog\cl.write.1.tlog
d:\githubcode\c_code\学习代码\9_17\9_17\debug\9_17.tlog\link-cvtres.read.1.tlog
d:\githubcode\c_code\学习代码\9_17\9_17\debug\9_17.tlog\link-cvtres.write.1.tlog
d:\githubcode\c_code\学习代码\9_17\9_17\debug\9_17.tlog\link-rc.read.1.tlog
d:\githubcode\c_code\学习代码\9_17\9_17\debug\9_17.tlog\link-rc.write.1.tlog
d:\githubcode\c_code\学习代码\9_17\9_17\debug\9_17.tlog\link.18552-cvtres.read.1.tlog
d:\githubcode\c_code\学习代码\9_17\9_17\debug\9_17.tlog\link.18552-cvtres.write.1.tlog
d:\githubcode\c_code\学习代码\9_17\9_17\debug\9_17.tlog\link.18552-rc.read.1.tlog
d:\githubcode\c_code\学习代码\9_17\9_17\debug\9_17.tlog\link.18552-rc.write.1.tlog
d:\githubcode\c_code\学习代码\9_17\9_17\debug\9_17.tlog\link.18552.read.1.tlog
d:\githubcode\c_code\学习代码\9_17\9_17\debug\9_17.tlog\link.18552.write.1.tlog
d:\githubcode\c_code\学习代码\9_17\9_17\debug\9_17.tlog\link.command.1.tlog
d:\githubcode\c_code\学习代码\9_17\9_17\debug\9_17.tlog\link.read.1.tlog
d:\githubcode\c_code\学习代码\9_17\9_17\debug\9_17.tlog\link.write.1.tlog
